2024-07-30T09:59:24: Bot polling error: ETELEGRAM: 409 Conflict: terminated by other getUpdates request; make sure that only one bot instance is running
2024-07-30T09:59:30: 2024-07-30T09:59:30.803Z: Bot is still running...

2024-07-30T09:59:31: Bot polling error: ETELEGRAM: 409 Conflict: terminated by other getUpdates request; make sure that only one bot instance is running
2024-07-30T09:59:38: Bot polling error: ETELEGRAM: 409 Conflict: terminated by other getUpdates request; make sure that only one bot instance is running
2024-07-30T09:59:45: Bot polling error: ETELEGRAM: 409 Conflict: terminated by other getUpdates request; make sure that only one bot instance is running
2024-07-30T09:59:52: Bot polling error: ETELEGRAM: 409 Conflict: terminated by other getUpdates request; make sure that only one bot instance is running
2024-07-30T09:59:59: Bot polling error: ETELEGRAM: 409 Conflict: terminated by other getUpdates request; make sure that only one bot instance is running
2024-07-30T10:00:06: Bot polling error: ETELEGRAM: 409 Conflict: terminated by other getUpdates request; make sure that only one bot instance is running
2024-07-30T10:00:13: Bot polling error: ETELEGRAM: 409 Conflict: terminated by other getUpdates request; make sure that only one bot instance is running
2024-07-30T10:00:20: Bot polling error: ETELEGRAM: 409 Conflict: terminated by other getUpdates request; make sure that only one bot instance is running
2024-07-30T10:00:27: Bot polling error: ETELEGRAM: 409 Conflict: terminated by other getUpdates request; make sure that only one bot instance is running
2024-07-30T10:00:30: 2024-07-30T10:00:30.803Z: Bot is still running...

2024-07-30T10:00:34: Bot polling error: ETELEGRAM: 409 Conflict: terminated by other getUpdates request; make sure that only one bot instance is running
2024-07-30T10:00:41: Bot polling error: ETELEGRAM: 409 Conflict: terminated by other getUpdates request; make sure that only one bot instance is running
2024-07-30T10:00:48: Bot polling error: ETELEGRAM: 409 Conflict: terminated by other getUpdates request; make sure that only one bot instance is running
2024-07-30T10:00:55: Bot polling error: ETELEGRAM: 409 Conflict: terminated by other getUpdates request; make sure that only one bot instance is running
2024-07-30T10:01:02: Bot polling error: ETELEGRAM: 409 Conflict: terminated by other getUpdates request; make sure that only one bot instance is running
2024-07-30T10:01:09: Bot polling error: ETELEGRAM: 409 Conflict: terminated by other getUpdates request; make sure that only one bot instance is running
2024-07-30T10:01:16: Bot polling error: ETELEGRAM: 409 Conflict: terminated by other getUpdates request; make sure that only one bot instance is running
2024-07-30T10:01:23: Bot polling error: ETELEGRAM: 409 Conflict: terminated by other getUpdates request; make sure that only one bot instance is running
2024-07-30T10:01:30: Bot polling error: ETELEGRAM: 409 Conflict: terminated by other getUpdates request; make sure that only one bot instance is running
2024-07-30T10:01:30: 2024-07-30T10:01:30.804Z: Bot is still running...

2024-07-30T10:01:37: Bot polling error: ETELEGRAM: 409 Conflict: terminated by other getUpdates request; make sure that only one bot instance is running
2024-07-30T10:01:44: Bot polling error: ETELEGRAM: 409 Conflict: terminated by other getUpdates request; make sure that only one bot instance is running
2024-07-30T10:01:51: Bot polling error: ETELEGRAM: 409 Conflict: terminated by other getUpdates request; make sure that only one bot instance is running
2024-07-30T10:01:58: Bot polling error: ETELEGRAM: 409 Conflict: terminated by other getUpdates request; make sure that only one bot instance is running
2024-07-30T10:02:04: Bot polling error: ETELEGRAM: 409 Conflict: terminated by other getUpdates request; make sure that only one bot instance is running
2024-07-30T10:02:11: Bot polling error: ETELEGRAM: 409 Conflict: terminated by other getUpdates request; make sure that only one bot instance is running
2024-07-30T10:02:18: Bot polling error: ETELEGRAM: 409 Conflict: terminated by other getUpdates request; make sure that only one bot instance is running
2024-07-30T10:02:25: Bot polling error: ETELEGRAM: 409 Conflict: terminated by other getUpdates request; make sure that only one bot instance is running
2024-07-30T10:02:30: 2024-07-30T10:02:30.805Z: Bot is still running...

2024-07-30T10:02:32: Bot polling error: ETELEGRAM: 409 Conflict: terminated by other getUpdates request; make sure that only one bot instance is running
2024-07-30T10:02:39: Bot polling error: ETELEGRAM: 409 Conflict: terminated by other getUpdates request; make sure that only one bot instance is running
2024-07-30T10:02:46: Bot polling error: ETELEGRAM: 409 Conflict: terminated by other getUpdates request; make sure that only one bot instance is running
2024-07-30T10:02:53: Bot polling error: ETELEGRAM: 409 Conflict: terminated by other getUpdates request; make sure that only one bot instance is running
2024-07-30T10:03:00: Bot polling error: ETELEGRAM: 409 Conflict: terminated by other getUpdates request; make sure that only one bot instance is running
2024-07-30T10:03:07: Bot polling error: ETELEGRAM: 409 Conflict: terminated by other getUpdates request; make sure that only one bot instance is running
2024-07-30T10:03:14: Bot polling error: ETELEGRAM: 409 Conflict: terminated by other getUpdates request; make sure that only one bot instance is running
2024-07-30T10:03:21: Bot polling error: ETELEGRAM: 409 Conflict: terminated by other getUpdates request; make sure that only one bot instance is running
2024-07-30T10:03:28: Bot polling error: ETELEGRAM: 409 Conflict: terminated by other getUpdates request; make sure that only one bot instance is running
2024-07-30T10:03:30: 2024-07-30T10:03:30.805Z: Bot is still running...

2024-07-30T10:03:35: Bot polling error: ETELEGRAM: 409 Conflict: terminated by other getUpdates request; make sure that only one bot instance is running
2024-07-30T10:03:42: Bot polling error: ETELEGRAM: 409 Conflict: terminated by other getUpdates request; make sure that only one bot instance is running
2024-07-30T10:03:49: Bot polling error: ETELEGRAM: 409 Conflict: terminated by other getUpdates request; make sure that only one bot instance is running
2024-07-30T10:03:56: Bot polling error: ETELEGRAM: 409 Conflict: terminated by other getUpdates request; make sure that only one bot instance is running
2024-07-30T10:04:03: Bot polling error: ETELEGRAM: 409 Conflict: terminated by other getUpdates request; make sure that only one bot instance is running
2024-07-30T10:04:10: Bot polling error: ETELEGRAM: 409 Conflict: terminated by other getUpdates request; make sure that only one bot instance is running
2024-07-30T10:04:17: Bot polling error: ETELEGRAM: 409 Conflict: terminated by other getUpdates request; make sure that only one bot instance is running
2024-07-30T10:04:24: Bot polling error: ETELEGRAM: 409 Conflict: terminated by other getUpdates request; make sure that only one bot instance is running
2024-07-30T10:04:30: 2024-07-30T10:04:30.804Z: Bot is still running...

2024-07-30T10:04:31: Bot polling error: ETELEGRAM: 409 Conflict: terminated by other getUpdates request; make sure that only one bot instance is running
2024-07-30T10:04:38: Bot polling error: ETELEGRAM: 409 Conflict: terminated by other getUpdates request; make sure that only one bot instance is running
2024-07-30T10:04:45: Bot polling error: ETELEGRAM: 409 Conflict: terminated by other getUpdates request; make sure that only one bot instance is running
2024-07-30T10:04:51: Bot polling error: ETELEGRAM: 409 Conflict: terminated by other getUpdates request; make sure that only one bot instance is running
2024-07-30T10:04:59: Bot polling error: ETELEGRAM: 409 Conflict: terminated by other getUpdates request; make sure that only one bot instance is running
2024-07-30T10:05:06: Bot polling error: ETELEGRAM: 409 Conflict: terminated by other getUpdates request; make sure that only one bot instance is running
2024-07-30T10:05:13: Bot polling error: ETELEGRAM: 409 Conflict: terminated by other getUpdates request; make sure that only one bot instance is running
2024-07-30T10:05:20: Bot polling error: ETELEGRAM: 409 Conflict: terminated by other getUpdates request; make sure that only one bot instance is running
2024-07-30T10:05:26: Bot polling error: ETELEGRAM: 409 Conflict: terminated by other getUpdates request; make sure that only one bot instance is running
2024-07-30T10:05:30: 2024-07-30T10:05:30.805Z: Bot is still running...

2024-07-30T10:05:33: Bot polling error: ETELEGRAM: 409 Conflict: terminated by other getUpdates request; make sure that only one bot instance is running
2024-07-30T10:05:40: Bot polling error: ETELEGRAM: 409 Conflict: terminated by other getUpdates request; make sure that only one bot instance is running
2024-07-30T10:05:47: Bot polling error: ETELEGRAM: 409 Conflict: terminated by other getUpdates request; make sure that only one bot instance is running
2024-07-30T10:05:54: Bot polling error: ETELEGRAM: 409 Conflict: terminated by other getUpdates request; make sure that only one bot instance is running
2024-07-30T10:06:01: Bot polling error: ETELEGRAM: 409 Conflict: terminated by other getUpdates request; make sure that only one bot instance is running
2024-07-30T10:06:08: Bot polling error: ETELEGRAM: 409 Conflict: terminated by other getUpdates request; make sure that only one bot instance is running
2024-07-30T10:06:15: Bot polling error: ETELEGRAM: 409 Conflict: terminated by other getUpdates request; make sure that only one bot instance is running
2024-07-30T10:06:22: Bot polling error: ETELEGRAM: 409 Conflict: terminated by other getUpdates request; make sure that only one bot instance is running
2024-07-30T10:06:29: Bot polling error: ETELEGRAM: 409 Conflict: terminated by other getUpdates request; make sure that only one bot instance is running
2024-07-30T10:06:30: 2024-07-30T10:06:30.804Z: Bot is still running...

2024-07-30T10:06:36: Bot polling error: ETELEGRAM: 409 Conflict: terminated by other getUpdates request; make sure that only one bot instance is running
2024-07-30T10:06:43: Bot polling error: ETELEGRAM: 409 Conflict: terminated by other getUpdates request; make sure that only one bot instance is running
2024-07-30T10:06:50: Bot polling error: ETELEGRAM: 409 Conflict: terminated by other getUpdates request; make sure that only one bot instance is running
2024-07-30T10:06:57: Bot polling error: ETELEGRAM: 409 Conflict: terminated by other getUpdates request; make sure that only one bot instance is running
2024-07-30T10:07:04: Bot polling error: ETELEGRAM: 409 Conflict: terminated by other getUpdates request; make sure that only one bot instance is running
2024-07-30T10:07:11: Bot polling error: ETELEGRAM: 409 Conflict: terminated by other getUpdates request; make sure that only one bot instance is running
2024-07-30T10:07:18: Bot polling error: ETELEGRAM: 409 Conflict: terminated by other getUpdates request; make sure that only one bot instance is running
2024-07-30T10:07:25: Bot polling error: ETELEGRAM: 409 Conflict: terminated by other getUpdates request; make sure that only one bot instance is running
2024-07-30T10:07:30: 2024-07-30T10:07:30.804Z: Bot is still running...

2024-07-30T10:07:32: Bot polling error: ETELEGRAM: 409 Conflict: terminated by other getUpdates request; make sure that only one bot instance is running
2024-07-30T10:07:39: Bot polling error: ETELEGRAM: 409 Conflict: terminated by other getUpdates request; make sure that only one bot instance is running
2024-07-30T10:07:46: Bot polling error: ETELEGRAM: 409 Conflict: terminated by other getUpdates request; make sure that only one bot instance is running
2024-07-30T10:07:53: Bot polling error: ETELEGRAM: 409 Conflict: terminated by other getUpdates request; make sure that only one bot instance is running
2024-07-30T10:08:00: Bot polling error: ETELEGRAM: 409 Conflict: terminated by other getUpdates request; make sure that only one bot instance is running
2024-07-30T10:08:07: Bot polling error: ETELEGRAM: 409 Conflict: terminated by other getUpdates request; make sure that only one bot instance is running
2024-07-30T10:08:14: Bot polling error: ETELEGRAM: 409 Conflict: terminated by other getUpdates request; make sure that only one bot instance is running
2024-07-30T10:08:21: Bot polling error: ETELEGRAM: 409 Conflict: terminated by other getUpdates request; make sure that only one bot instance is running
2024-07-30T10:08:28: Bot polling error: ETELEGRAM: 409 Conflict: terminated by other getUpdates request; make sure that only one bot instance is running
2024-07-30T10:08:30: 2024-07-30T10:08:30.805Z: Bot is still running...

2024-07-30T10:08:35: Bot polling error: ETELEGRAM: 409 Conflict: terminated by other getUpdates request; make sure that only one bot instance is running
2024-07-30T10:08:42: Bot polling error: ETELEGRAM: 409 Conflict: terminated by other getUpdates request; make sure that only one bot instance is running
2024-07-30T10:08:49: Bot polling error: ETELEGRAM: 409 Conflict: terminated by other getUpdates request; make sure that only one bot instance is running
2024-07-30T10:08:56: Bot polling error: ETELEGRAM: 409 Conflict: terminated by other getUpdates request; make sure that only one bot instance is running
2024-07-30T10:09:03: Bot polling error: ETELEGRAM: 409 Conflict: terminated by other getUpdates request; make sure that only one bot instance is running
2024-07-30T10:09:10: Bot polling error: ETELEGRAM: 409 Conflict: terminated by other getUpdates request; make sure that only one bot instance is running
2024-07-30T10:09:17: Bot polling error: ETELEGRAM: 409 Conflict: terminated by other getUpdates request; make sure that only one bot instance is running
2024-07-30T10:09:24: Bot polling error: ETELEGRAM: 409 Conflict: terminated by other getUpdates request; make sure that only one bot instance is running
2024-07-30T10:09:30: 2024-07-30T10:09:30.805Z: Bot is still running...

2024-07-30T10:09:31: Bot polling error: ETELEGRAM: 409 Conflict: terminated by other getUpdates request; make sure that only one bot instance is running
2024-07-30T10:09:38: Bot polling error: ETELEGRAM: 409 Conflict: terminated by other getUpdates request; make sure that only one bot instance is running
2024-07-30T10:09:45: Bot polling error: ETELEGRAM: 409 Conflict: terminated by other getUpdates request; make sure that only one bot instance is running
2024-07-30T10:09:52: Bot polling error: ETELEGRAM: 409 Conflict: terminated by other getUpdates request; make sure that only one bot instance is running
2024-07-30T10:09:59: Bot polling error: ETELEGRAM: 409 Conflict: terminated by other getUpdates request; make sure that only one bot instance is running
2024-07-30T10:10:06: Bot polling error: ETELEGRAM: 409 Conflict: terminated by other getUpdates request; make sure that only one bot instance is running
2024-07-30T10:10:13: Bot polling error: ETELEGRAM: 409 Conflict: terminated by other getUpdates request; make sure that only one bot instance is running
2024-07-30T10:10:20: Bot polling error: ETELEGRAM: 409 Conflict: terminated by other getUpdates request; make sure that only one bot instance is running
2024-07-30T10:10:27: Bot polling error: ETELEGRAM: 409 Conflict: terminated by other getUpdates request; make sure that only one bot instance is running
2024-07-30T10:10:30: 2024-07-30T10:10:30.805Z: Bot is still running...

2024-07-30T10:10:34: Bot polling error: ETELEGRAM: 409 Conflict: terminated by other getUpdates request; make sure that only one bot instance is running
2024-07-30T10:10:41: Bot polling error: ETELEGRAM: 409 Conflict: terminated by other getUpdates request; make sure that only one bot instance is running
2024-07-30T10:10:48: Bot polling error: ETELEGRAM: 409 Conflict: terminated by other getUpdates request; make sure that only one bot instance is running
2024-07-30T10:10:55: Bot polling error: ETELEGRAM: 409 Conflict: terminated by other getUpdates request; make sure that only one bot instance is running
2024-07-30T10:15:21: 2024-07-30T10:15:21.598Z: Bot script started
2024-07-30T10:15:21: 
2024-07-30T10:15:21: 2024-07-30T10:15:21.602Z: TELEGRAM_BOT_TOKEN is set
2024-07-30T10:15:21: 
2024-07-30T10:15:21: 2024-07-30T10:15:21.602Z: Initializing bot...
2024-07-30T10:15:21: 
2024-07-30T10:15:21: 2024-07-30T10:15:21.609Z: Bot initialized and started polling
2024-07-30T10:15:21: 
2024-07-30T10:15:21: 2024-07-30T10:15:21.610Z: Bot script finished loading
2024-07-30T10:15:21: 
2024-07-30T10:15:21: (node:308113) [DEP0040] DeprecationWarning: The `punycode` module is deprecated. Please use a userland alternative instead.
2024-07-30T10:15:21: (Use `node --trace-deprecation ...` to show where the warning was created)
2024-07-30T10:15:25: 2024-07-30T10:15:25.438Z: Bot polling error: ETELEGRAM: 409 Conflict: terminated by other getUpdates request; make sure that only one bot instance is running
2024-07-30T10:15:25: 
2024-07-30T10:15:32: 2024-07-30T10:15:32.397Z: Bot polling error: ETELEGRAM: 409 Conflict: terminated by other getUpdates request; make sure that only one bot instance is running
2024-07-30T10:15:32: 
2024-07-30T10:15:39: 2024-07-30T10:15:39.351Z: Bot polling error: ETELEGRAM: 409 Conflict: terminated by other getUpdates request; make sure that only one bot instance is running
2024-07-30T10:15:39: 
2024-07-30T10:15:46: 2024-07-30T10:15:46.308Z: Bot polling error: ETELEGRAM: 409 Conflict: terminated by other getUpdates request; make sure that only one bot instance is running
2024-07-30T10:15:46: 
2024-07-30T10:15:53: 2024-07-30T10:15:53.260Z: Bot polling error: ETELEGRAM: 409 Conflict: terminated by other getUpdates request; make sure that only one bot instance is running
2024-07-30T10:15:53: 
2024-07-30T10:16:00: 2024-07-30T10:16:00.234Z: Bot polling error: ETELEGRAM: 409 Conflict: terminated by other getUpdates request; make sure that only one bot instance is running
2024-07-30T10:16:00: 
2024-07-30T10:16:07: 2024-07-30T10:16:07.221Z: Bot polling error: ETELEGRAM: 409 Conflict: terminated by other getUpdates request; make sure that only one bot instance is running
2024-07-30T10:16:07: 
2024-07-30T10:16:16: 2024-07-30T10:16:16.180Z: Bot polling error: ETELEGRAM: 409 Conflict: terminated by other getUpdates request; make sure that only one bot instance is running
2024-07-30T10:16:16: 
2024-07-30T10:16:21: 2024-07-30T10:16:21.610Z: Bot is still running...
2024-07-30T10:16:21: 
2024-07-30T10:16:23: 2024-07-30T10:16:23.128Z: Bot polling error: ETELEGRAM: 409 Conflict: terminated by other getUpdates request; make sure that only one bot instance is running
2024-07-30T10:16:23: 
2024-07-30T10:16:30: 2024-07-30T10:16:30.078Z: Bot polling error: ETELEGRAM: 409 Conflict: terminated by other getUpdates request; make sure that only one bot instance is running
2024-07-30T10:16:30: 
2024-07-30T10:16:37: 2024-07-30T10:16:37.023Z: Bot polling error: ETELEGRAM: 409 Conflict: terminated by other getUpdates request; make sure that only one bot instance is running
2024-07-30T10:16:37: 
2024-07-30T10:16:43: 2024-07-30T10:16:43.969Z: Bot polling error: ETELEGRAM: 409 Conflict: terminated by other getUpdates request; make sure that only one bot instance is running
2024-07-30T10:16:43: 
2024-07-30T10:16:50: 2024-07-30T10:16:50.910Z: Bot polling error: ETELEGRAM: 409 Conflict: terminated by other getUpdates request; make sure that only one bot instance is running
2024-07-30T10:16:50: 
