2024-07-30T09:46:59: 2024-07-30T09:46:59.839Z: Bot script started
2024-07-30T09:46:59: 
2024-07-30T09:46:59: 2024-07-30T09:46:59.840Z: TELEGRAM_BOT_TOKEN is set
2024-07-30T09:46:59: 
2024-07-30T09:46:59: 2024-07-30T09:46:59.840Z: Initializing bot...
2024-07-30T09:46:59: 
2024-07-30T09:46:59: 2024-07-30T09:46:59.846Z: Bot initialized and started polling
2024-07-30T09:46:59: 
2024-07-30T09:46:59: 2024-07-30T09:46:59.847Z: Bot script finished loading
2024-07-30T09:46:59: 
2024-07-30T09:46:59: (node:304741) [DEP0040] DeprecationWarning: The `punycode` module is deprecated. Please use a userland alternative instead.
2024-07-30T09:46:59: (Use `node --trace-deprecation ...` to show where the warning was created)
2024-07-30T09:47:00: 2024-07-30T09:47:00.269Z: Bot script started
2024-07-30T09:47:00: 
2024-07-30T09:47:00: 2024-07-30T09:47:00.270Z: TELEGRAM_BOT_TOKEN is set
2024-07-30T09:47:00: 
2024-07-30T09:47:00: 2024-07-30T09:47:00.271Z: Initializing bot...
2024-07-30T09:47:00: 
2024-07-30T09:47:00: 2024-07-30T09:47:00.277Z: Bot initialized and started polling
2024-07-30T09:47:00: 
2024-07-30T09:47:00: 2024-07-30T09:47:00.277Z: Bot script finished loading
2024-07-30T09:47:00: 
2024-07-30T09:47:00: (node:304753) [DEP0040] DeprecationWarning: The `punycode` module is deprecated. Please use a userland alternative instead.
2024-07-30T09:47:00: (Use `node --trace-deprecation ...` to show where the warning was created)
2024-07-30T09:47:00: 2024-07-30T09:47:00.719Z: Bot script started
2024-07-30T09:47:00: 
2024-07-30T09:47:00: 2024-07-30T09:47:00.720Z: TELEGRAM_BOT_TOKEN is set
2024-07-30T09:47:00: 
2024-07-30T09:47:00: 2024-07-30T09:47:00.720Z: Initializing bot...
2024-07-30T09:47:00: 
2024-07-30T09:47:00: 2024-07-30T09:47:00.726Z: Bot initialized and started polling
2024-07-30T09:47:00: 
2024-07-30T09:47:00: 2024-07-30T09:47:00.726Z: Bot script finished loading
2024-07-30T09:47:00: 
2024-07-30T09:47:00: (node:304774) [DEP0040] DeprecationWarning: The `punycode` module is deprecated. Please use a userland alternative instead.
2024-07-30T09:47:00: (Use `node --trace-deprecation ...` to show where the warning was created)
2024-07-30T09:47:01: 2024-07-30T09:47:01.221Z: Bot script started
2024-07-30T09:47:01: 
2024-07-30T09:47:01: 2024-07-30T09:47:01.223Z: TELEGRAM_BOT_TOKEN is set
2024-07-30T09:47:01: 
2024-07-30T09:47:01: 2024-07-30T09:47:01.224Z: Initializing bot...
2024-07-30T09:47:01: 
2024-07-30T09:47:01: 2024-07-30T09:47:01.234Z: Bot initialized and started polling
2024-07-30T09:47:01: 
2024-07-30T09:47:01: 2024-07-30T09:47:01.235Z: Bot script finished loading
2024-07-30T09:47:01: 
2024-07-30T09:47:01: (node:304786) [DEP0040] DeprecationWarning: The `punycode` module is deprecated. Please use a userland alternative instead.
2024-07-30T09:47:01: (Use `node --trace-deprecation ...` to show where the warning was created)
2024-07-30T09:47:01: 2024-07-30T09:47:01.745Z: Bot script started
2024-07-30T09:47:01: 
2024-07-30T09:47:01: 2024-07-30T09:47:01.746Z: TELEGRAM_BOT_TOKEN is set
2024-07-30T09:47:01: 
2024-07-30T09:47:01: 2024-07-30T09:47:01.747Z: Initializing bot...
2024-07-30T09:47:01: 
2024-07-30T09:47:01: 2024-07-30T09:47:01.758Z: Bot initialized and started polling
2024-07-30T09:47:01: 
2024-07-30T09:47:01: 2024-07-30T09:47:01.758Z: Bot script finished loading
2024-07-30T09:47:01: 
2024-07-30T09:47:02: 2024-07-30T09:47:02.260Z: Bot script started
2024-07-30T09:47:02: 
2024-07-30T09:47:02: 2024-07-30T09:47:02.262Z: TELEGRAM_BOT_TOKEN is set
2024-07-30T09:47:02: 
2024-07-30T09:47:02: 2024-07-30T09:47:02.262Z: Initializing bot...
2024-07-30T09:47:02: 
2024-07-30T09:47:03: 2024-07-30T09:47:03.114Z: Bot script started
2024-07-30T09:47:03: 
2024-07-30T09:47:03: 2024-07-30T09:47:03.117Z: TELEGRAM_BOT_TOKEN is set
2024-07-30T09:47:03: 
2024-07-30T09:47:03: 2024-07-30T09:47:03.117Z: Initializing bot...
2024-07-30T09:47:03: 
2024-07-30T09:47:03: 2024-07-30T09:47:03.126Z: Bot initialized and started polling
2024-07-30T09:47:03: 
2024-07-30T09:47:03: 2024-07-30T09:47:03.127Z: Bot script finished loading
2024-07-30T09:47:03: 
2024-07-30T09:47:03: 2024-07-30T09:47:03.553Z: Bot script started
2024-07-30T09:47:03: 
2024-07-30T09:47:03: 2024-07-30T09:47:03.555Z: TELEGRAM_BOT_TOKEN is set
2024-07-30T09:47:03: 
2024-07-30T09:47:03: 2024-07-30T09:47:03.555Z: Initializing bot...
2024-07-30T09:47:03: 
2024-07-30T09:47:03: 2024-07-30T09:47:03.970Z: Bot script started
2024-07-30T09:47:03: 
2024-07-30T09:47:03: 2024-07-30T09:47:03.972Z: TELEGRAM_BOT_TOKEN is set
2024-07-30T09:47:03: 
2024-07-30T09:47:03: 2024-07-30T09:47:03.972Z: Initializing bot...
2024-07-30T09:47:03: 
2024-07-30T09:47:03: 2024-07-30T09:47:03.978Z: Bot initialized and started polling
2024-07-30T09:47:03: 
2024-07-30T09:47:03: 2024-07-30T09:47:03.979Z: Bot script finished loading
2024-07-30T09:47:03: 
2024-07-30T09:47:03: (node:304875) [DEP0040] DeprecationWarning: The `punycode` module is deprecated. Please use a userland alternative instead.
2024-07-30T09:47:03: (Use `node --trace-deprecation ...` to show where the warning was created)
2024-07-30T09:47:04: 2024-07-30T09:47:04.408Z: Bot script started
2024-07-30T09:47:04: 
2024-07-30T09:47:04: 2024-07-30T09:47:04.410Z: TELEGRAM_BOT_TOKEN is set
2024-07-30T09:47:04: 
2024-07-30T09:47:04: 2024-07-30T09:47:04.410Z: Initializing bot...
2024-07-30T09:47:04: 
2024-07-30T09:47:04: 2024-07-30T09:47:04.415Z: Bot initialized and started polling
2024-07-30T09:47:04: 
2024-07-30T09:47:04: 2024-07-30T09:47:04.416Z: Bot script finished loading
2024-07-30T09:47:04: 
2024-07-30T09:47:04: (node:304887) [DEP0040] DeprecationWarning: The `punycode` module is deprecated. Please use a userland alternative instead.
2024-07-30T09:47:04: (Use `node --trace-deprecation ...` to show where the warning was created)
2024-07-30T09:47:04: 2024-07-30T09:47:04.937Z: Bot script started
2024-07-30T09:47:04: 
2024-07-30T09:47:04: 2024-07-30T09:47:04.939Z: TELEGRAM_BOT_TOKEN is set
2024-07-30T09:47:04: 
2024-07-30T09:47:04: 2024-07-30T09:47:04.939Z: Initializing bot...
2024-07-30T09:47:04: 
2024-07-30T09:47:04: 2024-07-30T09:47:04.948Z: Bot initialized and started polling
2024-07-30T09:47:04: 
2024-07-30T09:47:04: 2024-07-30T09:47:04.948Z: Bot script finished loading
2024-07-30T09:47:04: 
2024-07-30T09:47:04: (node:304899) [DEP0040] DeprecationWarning: The `punycode` module is deprecated. Please use a userland alternative instead.
2024-07-30T09:47:04: (Use `node --trace-deprecation ...` to show where the warning was created)
2024-07-30T09:47:05: 2024-07-30T09:47:05.479Z: Bot script started
2024-07-30T09:47:05: 
2024-07-30T09:47:05: 2024-07-30T09:47:05.481Z: TELEGRAM_BOT_TOKEN is set
2024-07-30T09:47:05: 
2024-07-30T09:47:05: 2024-07-30T09:47:05.481Z: Initializing bot...
2024-07-30T09:47:05: 
2024-07-30T09:47:05: 2024-07-30T09:47:05.487Z: Bot initialized and started polling
2024-07-30T09:47:05: 
2024-07-30T09:47:05: 2024-07-30T09:47:05.488Z: Bot script finished loading
2024-07-30T09:47:05: 
2024-07-30T09:47:05: (node:304911) [DEP0040] DeprecationWarning: The `punycode` module is deprecated. Please use a userland alternative instead.
2024-07-30T09:47:05: (Use `node --trace-deprecation ...` to show where the warning was created)
2024-07-30T09:47:05: 2024-07-30T09:47:05.933Z: Bot script started
2024-07-30T09:47:05: 
2024-07-30T09:47:05: 2024-07-30T09:47:05.935Z: TELEGRAM_BOT_TOKEN is set
2024-07-30T09:47:05: 
2024-07-30T09:47:05: 2024-07-30T09:47:05.935Z: Initializing bot...
2024-07-30T09:47:05: 
2024-07-30T09:47:05: 2024-07-30T09:47:05.944Z: Bot initialized and started polling
2024-07-30T09:47:05: 
2024-07-30T09:47:05: 2024-07-30T09:47:05.944Z: Bot script finished loading
2024-07-30T09:47:05: 
2024-07-30T09:47:05: (node:304923) [DEP0040] DeprecationWarning: The `punycode` module is deprecated. Please use a userland alternative instead.
2024-07-30T09:47:05: (Use `node --trace-deprecation ...` to show where the warning was created)
2024-07-30T09:47:06: 2024-07-30T09:47:06.649Z: Bot script started
2024-07-30T09:47:06: 
2024-07-30T09:47:06: 2024-07-30T09:47:06.651Z: TELEGRAM_BOT_TOKEN is set
2024-07-30T09:47:06: 
2024-07-30T09:47:06: 2024-07-30T09:47:06.651Z: Initializing bot...
2024-07-30T09:47:06: 
2024-07-30T09:47:07: 2024-07-30T09:47:07.075Z: Bot script started
2024-07-30T09:47:07: 
2024-07-30T09:47:07: 2024-07-30T09:47:07.077Z: TELEGRAM_BOT_TOKEN is set
2024-07-30T09:47:07: 
2024-07-30T09:47:07: 2024-07-30T09:47:07.077Z: Initializing bot...
2024-07-30T09:47:07: 
2024-07-30T09:47:07: 2024-07-30T09:47:07.083Z: Bot initialized and started polling
2024-07-30T09:47:07: 
2024-07-30T09:47:07: 2024-07-30T09:47:07.084Z: Bot script finished loading
2024-07-30T09:47:07: 
2024-07-30T09:47:07: (node:304960) [DEP0040] DeprecationWarning: The `punycode` module is deprecated. Please use a userland alternative instead.
2024-07-30T09:47:07: (Use `node --trace-deprecation ...` to show where the warning was created)
2024-07-30T09:47:07: 2024-07-30T09:47:07.511Z: Bot script started
2024-07-30T09:47:07: 
2024-07-30T09:47:07: 2024-07-30T09:47:07.515Z: TELEGRAM_BOT_TOKEN is set
2024-07-30T09:47:07: 
2024-07-30T09:47:07: 2024-07-30T09:47:07.515Z: Initializing bot...
2024-07-30T09:47:07: 
2024-07-30T09:47:07: 2024-07-30T09:47:07.521Z: Bot initialized and started polling
2024-07-30T09:47:07: 
2024-07-30T09:47:07: 2024-07-30T09:47:07.522Z: Bot script finished loading
2024-07-30T09:47:07: 
2024-07-30T09:47:07: (node:304972) [DEP0040] DeprecationWarning: The `punycode` module is deprecated. Please use a userland alternative instead.
2024-07-30T09:47:07: (Use `node --trace-deprecation ...` to show where the warning was created)
2024-07-30T09:47:07: 2024-07-30T09:47:07.966Z: Bot script started
2024-07-30T09:47:07: 
2024-07-30T09:47:07: 2024-07-30T09:47:07.968Z: TELEGRAM_BOT_TOKEN is set
2024-07-30T09:47:07: 
2024-07-30T09:47:07: 2024-07-30T09:47:07.968Z: Initializing bot...
2024-07-30T09:47:07: 
2024-07-30T09:47:07: 2024-07-30T09:47:07.974Z: Bot initialized and started polling
2024-07-30T09:47:07: 
2024-07-30T09:47:07: 2024-07-30T09:47:07.974Z: Bot script finished loading
2024-07-30T09:47:07: 
2024-07-30T09:47:07: (node:304984) [DEP0040] DeprecationWarning: The `punycode` module is deprecated. Please use a userland alternative instead.
2024-07-30T09:47:07: (Use `node --trace-deprecation ...` to show where the warning was created)
2024-07-30T09:47:08: 2024-07-30T09:47:08.382Z: Bot script started
2024-07-30T09:47:08: 
2024-07-30T09:47:08: 2024-07-30T09:47:08.384Z: TELEGRAM_BOT_TOKEN is set
2024-07-30T09:47:08: 
2024-07-30T09:47:08: 2024-07-30T09:47:08.384Z: Initializing bot...
2024-07-30T09:47:08: 
2024-07-30T09:47:08: 2024-07-30T09:47:08.391Z: Bot initialized and started polling
2024-07-30T09:47:08: 
2024-07-30T09:47:08: 2024-07-30T09:47:08.392Z: Bot script finished loading
2024-07-30T09:47:08: 
2024-07-30T09:47:08: (node:304996) [DEP0040] DeprecationWarning: The `punycode` module is deprecated. Please use a userland alternative instead.
2024-07-30T09:47:08: (Use `node --trace-deprecation ...` to show where the warning was created)
2024-07-30T09:47:08: 2024-07-30T09:47:08.874Z: Bot script started
2024-07-30T09:47:08: 
2024-07-30T09:47:08: 2024-07-30T09:47:08.876Z: TELEGRAM_BOT_TOKEN is set
2024-07-30T09:47:08: 
2024-07-30T09:47:08: 2024-07-30T09:47:08.876Z: Initializing bot...
2024-07-30T09:47:08: 
2024-07-30T09:47:09: 2024-07-30T09:47:09.372Z: Bot script started
2024-07-30T09:47:09: 
2024-07-30T09:47:09: 2024-07-30T09:47:09.374Z: TELEGRAM_BOT_TOKEN is set
2024-07-30T09:47:09: 
2024-07-30T09:47:09: 2024-07-30T09:47:09.374Z: Initializing bot...
2024-07-30T09:47:09: 
2024-07-30T09:47:09: 2024-07-30T09:47:09.381Z: Bot initialized and started polling
2024-07-30T09:47:09: 
2024-07-30T09:47:09: 2024-07-30T09:47:09.381Z: Bot script finished loading
2024-07-30T09:47:09: 
2024-07-30T09:47:09: (node:305020) [DEP0040] DeprecationWarning: The `punycode` module is deprecated. Please use a userland alternative instead.
2024-07-30T09:47:09: (Use `node --trace-deprecation ...` to show where the warning was created)
2024-07-30T09:47:10: 2024-07-30T09:47:10.051Z: Bot script started
2024-07-30T09:47:10: 
2024-07-30T09:47:10: 2024-07-30T09:47:10.052Z: TELEGRAM_BOT_TOKEN is set
2024-07-30T09:47:10: 
2024-07-30T09:47:10: 2024-07-30T09:47:10.053Z: Initializing bot...
2024-07-30T09:47:10: 
2024-07-30T09:47:10: 2024-07-30T09:47:10.059Z: Bot initialized and started polling
2024-07-30T09:47:10: 
2024-07-30T09:47:10: 2024-07-30T09:47:10.059Z: Bot script finished loading
2024-07-30T09:47:10: 
2024-07-30T09:47:10: (node:305044) [DEP0040] DeprecationWarning: The `punycode` module is deprecated. Please use a userland alternative instead.
2024-07-30T09:47:10: (Use `node --trace-deprecation ...` to show where the warning was created)
2024-07-30T09:47:10: 2024-07-30T09:47:10.493Z: Bot script started
2024-07-30T09:47:10: 
2024-07-30T09:47:10: 2024-07-30T09:47:10.495Z: TELEGRAM_BOT_TOKEN is set
2024-07-30T09:47:10: 
2024-07-30T09:47:10: 2024-07-30T09:47:10.495Z: Initializing bot...
2024-07-30T09:47:10: 
2024-07-30T09:47:10: 2024-07-30T09:47:10.970Z: Bot script started
2024-07-30T09:47:10: 
2024-07-30T09:47:10: 2024-07-30T09:47:10.972Z: TELEGRAM_BOT_TOKEN is set
2024-07-30T09:47:10: 
2024-07-30T09:47:10: 2024-07-30T09:47:10.972Z: Initializing bot...
2024-07-30T09:47:10: 
2024-07-30T09:47:10: 2024-07-30T09:47:10.978Z: Bot initialized and started polling
2024-07-30T09:47:10: 
2024-07-30T09:47:10: 2024-07-30T09:47:10.978Z: Bot script finished loading
2024-07-30T09:47:10: 
2024-07-30T09:47:10: (node:305068) [DEP0040] DeprecationWarning: The `punycode` module is deprecated. Please use a userland alternative instead.
2024-07-30T09:47:10: (Use `node --trace-deprecation ...` to show where the warning was created)
2024-07-30T09:47:11: 2024-07-30T09:47:11.448Z: Bot script started
2024-07-30T09:47:11: 
2024-07-30T09:47:11: 2024-07-30T09:47:11.449Z: TELEGRAM_BOT_TOKEN is set
2024-07-30T09:47:11: 
2024-07-30T09:47:11: 2024-07-30T09:47:11.449Z: Initializing bot...
2024-07-30T09:47:11: 
2024-07-30T09:47:11: 2024-07-30T09:47:11.455Z: Bot initialized and started polling
2024-07-30T09:47:11: 
2024-07-30T09:47:11: 2024-07-30T09:47:11.455Z: Bot script finished loading
2024-07-30T09:47:11: 
2024-07-30T09:47:11: (node:305080) [DEP0040] DeprecationWarning: The `punycode` module is deprecated. Please use a userland alternative instead.
2024-07-30T09:47:11: (Use `node --trace-deprecation ...` to show where the warning was created)
2024-07-30T09:47:11: 2024-07-30T09:47:11.847Z: Bot script started
2024-07-30T09:47:11: 
2024-07-30T09:47:11: 2024-07-30T09:47:11.849Z: TELEGRAM_BOT_TOKEN is set
2024-07-30T09:47:11: 
2024-07-30T09:47:11: 2024-07-30T09:47:11.849Z: Initializing bot...
2024-07-30T09:47:11: 
2024-07-30T09:47:11: 2024-07-30T09:47:11.855Z: Bot initialized and started polling
2024-07-30T09:47:11: 
2024-07-30T09:47:11: 2024-07-30T09:47:11.855Z: Bot script finished loading
2024-07-30T09:47:11: 
2024-07-30T09:47:11: (node:305092) [DEP0040] DeprecationWarning: The `punycode` module is deprecated. Please use a userland alternative instead.
2024-07-30T09:47:11: (Use `node --trace-deprecation ...` to show where the warning was created)
2024-07-30T09:47:12: 2024-07-30T09:47:12.289Z: Bot script started
2024-07-30T09:47:12: 
2024-07-30T09:47:12: 2024-07-30T09:47:12.290Z: TELEGRAM_BOT_TOKEN is set
2024-07-30T09:47:12: 
2024-07-30T09:47:12: 2024-07-30T09:47:12.290Z: Initializing bot...
2024-07-30T09:47:12: 
2024-07-30T09:47:12: 2024-07-30T09:47:12.296Z: Bot initialized and started polling
2024-07-30T09:47:12: 
2024-07-30T09:47:12: 2024-07-30T09:47:12.296Z: Bot script finished loading
2024-07-30T09:47:12: 
2024-07-30T09:47:12: (node:305105) [DEP0040] DeprecationWarning: The `punycode` module is deprecated. Please use a userland alternative instead.
2024-07-30T09:47:12: (Use `node --trace-deprecation ...` to show where the warning was created)
2024-07-30T09:47:12: 2024-07-30T09:47:12.703Z: Bot script started
2024-07-30T09:47:12: 
2024-07-30T09:47:12: 2024-07-30T09:47:12.705Z: TELEGRAM_BOT_TOKEN is set
2024-07-30T09:47:12: 
2024-07-30T09:47:12: 2024-07-30T09:47:12.705Z: Initializing bot...
2024-07-30T09:47:12: 
2024-07-30T09:47:12: 2024-07-30T09:47:12.711Z: Bot initialized and started polling
2024-07-30T09:47:12: 
2024-07-30T09:47:12: 2024-07-30T09:47:12.711Z: Bot script finished loading
2024-07-30T09:47:12: 
2024-07-30T09:47:12: (node:305117) [DEP0040] DeprecationWarning: The `punycode` module is deprecated. Please use a userland alternative instead.
2024-07-30T09:47:12: (Use `node --trace-deprecation ...` to show where the warning was created)
2024-07-30T09:47:13: 2024-07-30T09:47:13.147Z: Bot script started
2024-07-30T09:47:13: 
2024-07-30T09:47:13: 2024-07-30T09:47:13.148Z: TELEGRAM_BOT_TOKEN is set
2024-07-30T09:47:13: 
2024-07-30T09:47:13: 2024-07-30T09:47:13.149Z: Initializing bot...
2024-07-30T09:47:13: 
2024-07-30T09:47:13: 2024-07-30T09:47:13.155Z: Bot initialized and started polling
2024-07-30T09:47:13: 
2024-07-30T09:47:13: 2024-07-30T09:47:13.156Z: Bot script finished loading
2024-07-30T09:47:13: 
2024-07-30T09:47:13: (node:305139) [DEP0040] DeprecationWarning: The `punycode` module is deprecated. Please use a userland alternative instead.
2024-07-30T09:47:13: (Use `node --trace-deprecation ...` to show where the warning was created)
2024-07-30T09:47:13: 2024-07-30T09:47:13.564Z: Bot script started
2024-07-30T09:47:13: 
2024-07-30T09:47:13: 2024-07-30T09:47:13.566Z: TELEGRAM_BOT_TOKEN is set
2024-07-30T09:47:13: 
2024-07-30T09:47:13: 2024-07-30T09:47:13.566Z: Initializing bot...
2024-07-30T09:47:13: 
2024-07-30T09:47:13: 2024-07-30T09:47:13.572Z: Bot initialized and started polling
2024-07-30T09:47:13: 
2024-07-30T09:47:13: 2024-07-30T09:47:13.572Z: Bot script finished loading
2024-07-30T09:47:13: 
2024-07-30T09:47:13: (node:305155) [DEP0040] DeprecationWarning: The `punycode` module is deprecated. Please use a userland alternative instead.
2024-07-30T09:47:13: (Use `node --trace-deprecation ...` to show where the warning was created)
2024-07-30T09:47:13: 2024-07-30T09:47:13.994Z: Bot script started
2024-07-30T09:47:13: 
2024-07-30T09:47:14: 2024-07-30T09:47:13.996Z: TELEGRAM_BOT_TOKEN is set
2024-07-30T09:47:14: 
2024-07-30T09:47:14: 2024-07-30T09:47:13.996Z: Initializing bot...
2024-07-30T09:47:14: 
2024-07-30T09:47:14: 2024-07-30T09:47:14.003Z: Bot initialized and started polling
2024-07-30T09:47:14: 
2024-07-30T09:47:14: 2024-07-30T09:47:14.003Z: Bot script finished loading
2024-07-30T09:47:14: 
2024-07-30T09:47:14: (node:305171) [DEP0040] DeprecationWarning: The `punycode` module is deprecated. Please use a userland alternative instead.
2024-07-30T09:47:14: (Use `node --trace-deprecation ...` to show where the warning was created)
2024-07-30T09:47:14: 2024-07-30T09:47:14.462Z: Bot script started
2024-07-30T09:47:14: 
2024-07-30T09:47:14: 2024-07-30T09:47:14.465Z: TELEGRAM_BOT_TOKEN is set
2024-07-30T09:47:14: 
2024-07-30T09:47:14: 2024-07-30T09:47:14.466Z: Initializing bot...
2024-07-30T09:47:14: 
2024-07-30T09:47:14: 2024-07-30T09:47:14.913Z: Bot script started
2024-07-30T09:47:14: 
2024-07-30T09:47:14: 2024-07-30T09:47:14.915Z: TELEGRAM_BOT_TOKEN is set
2024-07-30T09:47:14: 
2024-07-30T09:47:14: 2024-07-30T09:47:14.915Z: Initializing bot...
2024-07-30T09:47:14: 
2024-07-30T09:47:14: 2024-07-30T09:47:14.922Z: Bot initialized and started polling
2024-07-30T09:47:14: 
2024-07-30T09:47:14: 2024-07-30T09:47:14.922Z: Bot script finished loading
2024-07-30T09:47:14: 
2024-07-30T09:47:14: (node:305201) [DEP0040] DeprecationWarning: The `punycode` module is deprecated. Please use a userland alternative instead.
2024-07-30T09:47:14: (Use `node --trace-deprecation ...` to show where the warning was created)
2024-07-30T09:47:15: 2024-07-30T09:47:15.432Z: Bot script started
2024-07-30T09:47:15: 
2024-07-30T09:47:15: 2024-07-30T09:47:15.433Z: TELEGRAM_BOT_TOKEN is set
2024-07-30T09:47:15: 
2024-07-30T09:47:15: 2024-07-30T09:47:15.434Z: Initializing bot...
2024-07-30T09:47:15: 
2024-07-30T09:47:15: 2024-07-30T09:47:15.439Z: Bot initialized and started polling
2024-07-30T09:47:15: 
2024-07-30T09:47:15: 2024-07-30T09:47:15.440Z: Bot script finished loading
2024-07-30T09:47:15: 
2024-07-30T09:47:15: (node:305218) [DEP0040] DeprecationWarning: The `punycode` module is deprecated. Please use a userland alternative instead.
2024-07-30T09:47:15: (Use `node --trace-deprecation ...` to show where the warning was created)
2024-07-30T09:47:15: 2024-07-30T09:47:15.890Z: Bot script started
2024-07-30T09:47:15: 
2024-07-30T09:47:15: 2024-07-30T09:47:15.892Z: TELEGRAM_BOT_TOKEN is set
2024-07-30T09:47:15: 
2024-07-30T09:47:15: 2024-07-30T09:47:15.892Z: Initializing bot...
2024-07-30T09:47:15: 
2024-07-30T09:47:15: 2024-07-30T09:47:15.898Z: Bot initialized and started polling
2024-07-30T09:47:15: 
2024-07-30T09:47:15: 2024-07-30T09:47:15.898Z: Bot script finished loading
2024-07-30T09:47:15: 
2024-07-30T09:47:15: (node:305230) [DEP0040] DeprecationWarning: The `punycode` module is deprecated. Please use a userland alternative instead.
2024-07-30T09:47:15: (Use `node --trace-deprecation ...` to show where the warning was created)
2024-07-30T09:47:16: 2024-07-30T09:47:16.330Z: Bot script started
2024-07-30T09:47:16: 
2024-07-30T09:47:16: 2024-07-30T09:47:16.331Z: TELEGRAM_BOT_TOKEN is set
2024-07-30T09:47:16: 
2024-07-30T09:47:16: 2024-07-30T09:47:16.332Z: Initializing bot...
2024-07-30T09:47:16: 
2024-07-30T09:47:16: 2024-07-30T09:47:16.337Z: Bot initialized and started polling
2024-07-30T09:47:16: 
2024-07-30T09:47:16: 2024-07-30T09:47:16.338Z: Bot script finished loading
2024-07-30T09:47:16: 
2024-07-30T09:47:16: (node:305242) [DEP0040] DeprecationWarning: The `punycode` module is deprecated. Please use a userland alternative instead.
2024-07-30T09:47:16: (Use `node --trace-deprecation ...` to show where the warning was created)
2024-07-30T09:47:17: 2024-07-30T09:47:17.044Z: Bot script started
2024-07-30T09:47:17: 
2024-07-30T09:47:17: 2024-07-30T09:47:17.046Z: TELEGRAM_BOT_TOKEN is set
2024-07-30T09:47:17: 
2024-07-30T09:47:17: 2024-07-30T09:47:17.046Z: Initializing bot...
2024-07-30T09:47:17: 
2024-07-30T09:47:17: 2024-07-30T09:47:17.054Z: Bot initialized and started polling
2024-07-30T09:47:17: 
2024-07-30T09:47:17: 2024-07-30T09:47:17.054Z: Bot script finished loading
2024-07-30T09:47:17: 
2024-07-30T09:47:17: (node:305263) [DEP0040] DeprecationWarning: The `punycode` module is deprecated. Please use a userland alternative instead.
2024-07-30T09:47:17: (Use `node --trace-deprecation ...` to show where the warning was created)
2024-07-30T09:47:17: 2024-07-30T09:47:17.517Z: Bot script started
2024-07-30T09:47:17: 
2024-07-30T09:47:17: 2024-07-30T09:47:17.519Z: TELEGRAM_BOT_TOKEN is set
2024-07-30T09:47:17: 
2024-07-30T09:47:17: 2024-07-30T09:47:17.519Z: Initializing bot...
2024-07-30T09:47:17: 
2024-07-30T09:47:17: 2024-07-30T09:47:17.524Z: Bot initialized and started polling
2024-07-30T09:47:17: 
2024-07-30T09:47:17: 2024-07-30T09:47:17.525Z: Bot script finished loading
2024-07-30T09:47:17: 
2024-07-30T09:47:17: (node:305275) [DEP0040] DeprecationWarning: The `punycode` module is deprecated. Please use a userland alternative instead.
2024-07-30T09:47:17: (Use `node --trace-deprecation ...` to show where the warning was created)
2024-07-30T09:47:18: 2024-07-30T09:47:18.017Z: Bot script started
2024-07-30T09:47:18: 
2024-07-30T09:47:18: 2024-07-30T09:47:18.018Z: TELEGRAM_BOT_TOKEN is set
2024-07-30T09:47:18: 
2024-07-30T09:47:18: 2024-07-30T09:47:18.018Z: Initializing bot...
2024-07-30T09:47:18: 
2024-07-30T09:47:18: 2024-07-30T09:47:18.025Z: Bot initialized and started polling
2024-07-30T09:47:18: 
2024-07-30T09:47:18: 2024-07-30T09:47:18.025Z: Bot script finished loading
2024-07-30T09:47:18: 
2024-07-30T09:47:18: (node:305287) [DEP0040] DeprecationWarning: The `punycode` module is deprecated. Please use a userland alternative instead.
2024-07-30T09:47:18: (Use `node --trace-deprecation ...` to show where the warning was created)
2024-07-30T09:47:18: 2024-07-30T09:47:18.485Z: Bot script started
2024-07-30T09:47:18: 
2024-07-30T09:47:18: 2024-07-30T09:47:18.486Z: TELEGRAM_BOT_TOKEN is set
2024-07-30T09:47:18: 
2024-07-30T09:47:18: 2024-07-30T09:47:18.487Z: Initializing bot...
2024-07-30T09:47:18: 
2024-07-30T09:47:18: 2024-07-30T09:47:18.494Z: Bot initialized and started polling
2024-07-30T09:47:18: 
2024-07-30T09:47:18: 2024-07-30T09:47:18.494Z: Bot script finished loading
2024-07-30T09:47:18: 
2024-07-30T09:47:18: (node:305308) [DEP0040] DeprecationWarning: The `punycode` module is deprecated. Please use a userland alternative instead.
2024-07-30T09:47:18: (Use `node --trace-deprecation ...` to show where the warning was created)
2024-07-30T09:47:19: 2024-07-30T09:47:19.019Z: Bot script started
2024-07-30T09:47:19: 
2024-07-30T09:47:19: 2024-07-30T09:47:19.020Z: TELEGRAM_BOT_TOKEN is set
2024-07-30T09:47:19: 
2024-07-30T09:47:19: 2024-07-30T09:47:19.021Z: Initializing bot...
2024-07-30T09:47:19: 
2024-07-30T09:47:19: 2024-07-30T09:47:19.026Z: Bot initialized and started polling
2024-07-30T09:47:19: 
2024-07-30T09:47:19: 2024-07-30T09:47:19.027Z: Bot script finished loading
2024-07-30T09:47:19: 
2024-07-30T09:47:19: (node:305321) [DEP0040] DeprecationWarning: The `punycode` module is deprecated. Please use a userland alternative instead.
2024-07-30T09:47:19: (Use `node --trace-deprecation ...` to show where the warning was created)
2024-07-30T09:47:19: 2024-07-30T09:47:19.454Z: Bot script started
2024-07-30T09:47:19: 
2024-07-30T09:47:19: 2024-07-30T09:47:19.456Z: TELEGRAM_BOT_TOKEN is set
2024-07-30T09:47:19: 
2024-07-30T09:47:19: 2024-07-30T09:47:19.456Z: Initializing bot...
2024-07-30T09:47:19: 
2024-07-30T09:47:19: 2024-07-30T09:47:19.462Z: Bot initialized and started polling
2024-07-30T09:47:19: 
2024-07-30T09:47:19: 2024-07-30T09:47:19.463Z: Bot script finished loading
2024-07-30T09:47:19: 
2024-07-30T09:47:19: (node:305338) [DEP0040] DeprecationWarning: The `punycode` module is deprecated. Please use a userland alternative instead.
2024-07-30T09:47:19: (Use `node --trace-deprecation ...` to show where the warning was created)
2024-07-30T09:47:19: 2024-07-30T09:47:19.888Z: Bot script started
2024-07-30T09:47:19: 
2024-07-30T09:47:19: 2024-07-30T09:47:19.890Z: TELEGRAM_BOT_TOKEN is set
2024-07-30T09:47:19: 
2024-07-30T09:47:19: 2024-07-30T09:47:19.890Z: Initializing bot...
2024-07-30T09:47:19: 
2024-07-30T09:47:19: 2024-07-30T09:47:19.896Z: Bot initialized and started polling
2024-07-30T09:47:19: 
2024-07-30T09:47:19: 2024-07-30T09:47:19.896Z: Bot script finished loading
2024-07-30T09:47:19: 
2024-07-30T09:47:19: (node:305350) [DEP0040] DeprecationWarning: The `punycode` module is deprecated. Please use a userland alternative instead.
2024-07-30T09:47:19: (Use `node --trace-deprecation ...` to show where the warning was created)
2024-07-30T09:47:20: 2024-07-30T09:47:20.552Z: Bot script started
2024-07-30T09:47:20: 
2024-07-30T09:47:20: 2024-07-30T09:47:20.554Z: TELEGRAM_BOT_TOKEN is set
2024-07-30T09:47:20: 
2024-07-30T09:47:20: 2024-07-30T09:47:20.554Z: Initializing bot...
2024-07-30T09:47:20: 
2024-07-30T09:47:20: 2024-07-30T09:47:20.994Z: Bot script started
2024-07-30T09:47:20: 
2024-07-30T09:47:21: 2024-07-30T09:47:20.995Z: TELEGRAM_BOT_TOKEN is set
2024-07-30T09:47:21: 
2024-07-30T09:47:21: 2024-07-30T09:47:20.996Z: Initializing bot...
2024-07-30T09:47:21: 
2024-07-30T09:47:21: 2024-07-30T09:47:21.001Z: Bot initialized and started polling
2024-07-30T09:47:21: 
2024-07-30T09:47:21: 2024-07-30T09:47:21.002Z: Bot script finished loading
2024-07-30T09:47:21: 
2024-07-30T09:47:21: (node:305392) [DEP0040] DeprecationWarning: The `punycode` module is deprecated. Please use a userland alternative instead.
2024-07-30T09:47:21: (Use `node --trace-deprecation ...` to show where the warning was created)
2024-07-30T09:47:21: 2024-07-30T09:47:21.438Z: Bot script started
2024-07-30T09:47:21: 
2024-07-30T09:47:21: 2024-07-30T09:47:21.440Z: TELEGRAM_BOT_TOKEN is set
2024-07-30T09:47:21: 
2024-07-30T09:47:21: 2024-07-30T09:47:21.440Z: Initializing bot...
2024-07-30T09:47:21: 
2024-07-30T09:47:21: 2024-07-30T09:47:21.447Z: Bot initialized and started polling
2024-07-30T09:47:21: 
2024-07-30T09:47:21: 2024-07-30T09:47:21.447Z: Bot script finished loading
2024-07-30T09:47:21: 
2024-07-30T09:47:21: (node:305405) [DEP0040] DeprecationWarning: The `punycode` module is deprecated. Please use a userland alternative instead.
2024-07-30T09:47:21: (Use `node --trace-deprecation ...` to show where the warning was created)
2024-07-30T09:47:21: 2024-07-30T09:47:21.878Z: Bot script started
2024-07-30T09:47:21: 
2024-07-30T09:47:21: 2024-07-30T09:47:21.880Z: TELEGRAM_BOT_TOKEN is set
2024-07-30T09:47:21: 
2024-07-30T09:47:21: 2024-07-30T09:47:21.880Z: Initializing bot...
2024-07-30T09:47:21: 
2024-07-30T09:47:21: 2024-07-30T09:47:21.885Z: Bot initialized and started polling
2024-07-30T09:47:21: 
2024-07-30T09:47:21: 2024-07-30T09:47:21.885Z: Bot script finished loading
2024-07-30T09:47:21: 
2024-07-30T09:47:21: (node:305425) [DEP0040] DeprecationWarning: The `punycode` module is deprecated. Please use a userland alternative instead.
2024-07-30T09:47:21: (Use `node --trace-deprecation ...` to show where the warning was created)
2024-07-30T09:47:22: 2024-07-30T09:47:22.295Z: Bot script started
2024-07-30T09:47:22: 
2024-07-30T09:47:22: 2024-07-30T09:47:22.296Z: TELEGRAM_BOT_TOKEN is set
2024-07-30T09:47:22: 
2024-07-30T09:47:22: 2024-07-30T09:47:22.298Z: Initializing bot...
2024-07-30T09:47:22: 
2024-07-30T09:47:22: 2024-07-30T09:47:22.305Z: Bot initialized and started polling
2024-07-30T09:47:22: 
2024-07-30T09:47:22: 2024-07-30T09:47:22.306Z: Bot script finished loading
2024-07-30T09:47:22: 
2024-07-30T09:47:22: (node:305437) [DEP0040] DeprecationWarning: The `punycode` module is deprecated. Please use a userland alternative instead.
2024-07-30T09:47:22: (Use `node --trace-deprecation ...` to show where the warning was created)
2024-07-30T09:47:22: 2024-07-30T09:47:22.749Z: Bot script started
2024-07-30T09:47:22: 
2024-07-30T09:47:22: 2024-07-30T09:47:22.751Z: TELEGRAM_BOT_TOKEN is set
2024-07-30T09:47:22: 
2024-07-30T09:47:22: 2024-07-30T09:47:22.751Z: Initializing bot...
2024-07-30T09:47:22: 
2024-07-30T09:47:22: 2024-07-30T09:47:22.760Z: Bot initialized and started polling
2024-07-30T09:47:22: 
2024-07-30T09:47:22: 2024-07-30T09:47:22.760Z: Bot script finished loading
2024-07-30T09:47:22: 
2024-07-30T09:47:22: (node:305452) [DEP0040] DeprecationWarning: The `punycode` module is deprecated. Please use a userland alternative instead.
2024-07-30T09:47:22: (Use `node --trace-deprecation ...` to show where the warning was created)
2024-07-30T09:47:23: 2024-07-30T09:47:23.278Z: Bot script started
2024-07-30T09:47:23: 
2024-07-30T09:47:23: 2024-07-30T09:47:23.280Z: TELEGRAM_BOT_TOKEN is set
2024-07-30T09:47:23: 
2024-07-30T09:47:23: 2024-07-30T09:47:23.280Z: Initializing bot...
2024-07-30T09:47:23: 
2024-07-30T09:47:23: 2024-07-30T09:47:23.286Z: Bot initialized and started polling
2024-07-30T09:47:23: 
2024-07-30T09:47:23: 2024-07-30T09:47:23.286Z: Bot script finished loading
2024-07-30T09:47:23: 
2024-07-30T09:47:23: (node:305465) [DEP0040] DeprecationWarning: The `punycode` module is deprecated. Please use a userland alternative instead.
2024-07-30T09:47:23: (Use `node --trace-deprecation ...` to show where the warning was created)
2024-07-30T09:47:23: 2024-07-30T09:47:23.881Z: Bot script started
2024-07-30T09:47:23: 
2024-07-30T09:47:23: 2024-07-30T09:47:23.883Z: TELEGRAM_BOT_TOKEN is set
2024-07-30T09:47:23: 
2024-07-30T09:47:23: 2024-07-30T09:47:23.883Z: Initializing bot...
2024-07-30T09:47:23: 
2024-07-30T09:47:23: 2024-07-30T09:47:23.888Z: Bot initialized and started polling
2024-07-30T09:47:23: 
2024-07-30T09:47:23: 2024-07-30T09:47:23.889Z: Bot script finished loading
2024-07-30T09:47:23: 
2024-07-30T09:47:23: (node:305493) [DEP0040] DeprecationWarning: The `punycode` module is deprecated. Please use a userland alternative instead.
2024-07-30T09:47:23: (Use `node --trace-deprecation ...` to show where the warning was created)
2024-07-30T09:47:24: 2024-07-30T09:47:24.323Z: Bot script started
2024-07-30T09:47:24: 
2024-07-30T09:47:24: 2024-07-30T09:47:24.325Z: TELEGRAM_BOT_TOKEN is set
2024-07-30T09:47:24: 
2024-07-30T09:47:24: 2024-07-30T09:47:24.325Z: Initializing bot...
2024-07-30T09:47:24: 
2024-07-30T09:47:24: 2024-07-30T09:47:24.331Z: Bot initialized and started polling
2024-07-30T09:47:24: 
2024-07-30T09:47:24: 2024-07-30T09:47:24.331Z: Bot script finished loading
2024-07-30T09:47:24: 
2024-07-30T09:47:24: (node:305508) [DEP0040] DeprecationWarning: The `punycode` module is deprecated. Please use a userland alternative instead.
2024-07-30T09:47:24: (Use `node --trace-deprecation ...` to show where the warning was created)
2024-07-30T09:47:24: 2024-07-30T09:47:24.811Z: Bot script started
2024-07-30T09:47:24: 
2024-07-30T09:47:24: 2024-07-30T09:47:24.812Z: TELEGRAM_BOT_TOKEN is set
2024-07-30T09:47:24: 
2024-07-30T09:47:24: 2024-07-30T09:47:24.813Z: Initializing bot...
2024-07-30T09:47:24: 
2024-07-30T09:47:24: 2024-07-30T09:47:24.819Z: Bot initialized and started polling
2024-07-30T09:47:24: 
2024-07-30T09:47:24: 2024-07-30T09:47:24.819Z: Bot script finished loading
2024-07-30T09:47:24: 
2024-07-30T09:47:24: (node:305520) [DEP0040] DeprecationWarning: The `punycode` module is deprecated. Please use a userland alternative instead.
2024-07-30T09:47:24: (Use `node --trace-deprecation ...` to show where the warning was created)
2024-07-30T09:47:25: 2024-07-30T09:47:25.239Z: Bot script started
2024-07-30T09:47:25: 
2024-07-30T09:47:25: 2024-07-30T09:47:25.241Z: TELEGRAM_BOT_TOKEN is set
2024-07-30T09:47:25: 
2024-07-30T09:47:25: 2024-07-30T09:47:25.241Z: Initializing bot...
2024-07-30T09:47:25: 
2024-07-30T09:47:25: 2024-07-30T09:47:25.248Z: Bot initialized and started polling
2024-07-30T09:47:25: 
2024-07-30T09:47:25: 2024-07-30T09:47:25.248Z: Bot script finished loading
2024-07-30T09:47:25: 
2024-07-30T09:47:25: (node:305532) [DEP0040] DeprecationWarning: The `punycode` module is deprecated. Please use a userland alternative instead.
2024-07-30T09:47:25: (Use `node --trace-deprecation ...` to show where the warning was created)
2024-07-30T09:47:25: 2024-07-30T09:47:25.734Z: Bot script started
2024-07-30T09:47:25: 
2024-07-30T09:47:25: 2024-07-30T09:47:25.735Z: TELEGRAM_BOT_TOKEN is set
2024-07-30T09:47:25: 
2024-07-30T09:47:25: 2024-07-30T09:47:25.736Z: Initializing bot...
2024-07-30T09:47:25: 
2024-07-30T09:47:25: 2024-07-30T09:47:25.741Z: Bot initialized and started polling
2024-07-30T09:47:25: 
2024-07-30T09:47:25: 2024-07-30T09:47:25.742Z: Bot script finished loading
2024-07-30T09:47:25: 
2024-07-30T09:47:25: (node:305546) [DEP0040] DeprecationWarning: The `punycode` module is deprecated. Please use a userland alternative instead.
2024-07-30T09:47:25: (Use `node --trace-deprecation ...` to show where the warning was created)
2024-07-30T09:47:26: 2024-07-30T09:47:26.239Z: Bot script started
2024-07-30T09:47:26: 
2024-07-30T09:47:26: 2024-07-30T09:47:26.247Z: TELEGRAM_BOT_TOKEN is set
2024-07-30T09:47:26: 
2024-07-30T09:47:26: 2024-07-30T09:47:26.248Z: Initializing bot...
2024-07-30T09:47:26: 
2024-07-30T09:47:26: 2024-07-30T09:47:26.731Z: Bot script started
2024-07-30T09:47:26: 
2024-07-30T09:47:26: 2024-07-30T09:47:26.733Z: TELEGRAM_BOT_TOKEN is set
2024-07-30T09:47:26: 
2024-07-30T09:47:26: 2024-07-30T09:47:26.734Z: Initializing bot...
2024-07-30T09:47:26: 
2024-07-30T09:47:26: 2024-07-30T09:47:26.743Z: Bot initialized and started polling
2024-07-30T09:47:26: 
2024-07-30T09:47:26: 2024-07-30T09:47:26.743Z: Bot script finished loading
2024-07-30T09:47:26: 
2024-07-30T09:47:26: (node:305580) [DEP0040] DeprecationWarning: The `punycode` module is deprecated. Please use a userland alternative instead.
2024-07-30T09:47:26: (Use `node --trace-deprecation ...` to show where the warning was created)
2024-07-30T09:47:27: 2024-07-30T09:47:27.489Z: Bot script started
2024-07-30T09:47:27: 
2024-07-30T09:47:27: 2024-07-30T09:47:27.491Z: TELEGRAM_BOT_TOKEN is set
2024-07-30T09:47:27: 
2024-07-30T09:47:27: 2024-07-30T09:47:27.491Z: Initializing bot...
2024-07-30T09:47:27: 
2024-07-30T09:47:27: 2024-07-30T09:47:27.497Z: Bot initialized and started polling
2024-07-30T09:47:27: 
2024-07-30T09:47:27: 2024-07-30T09:47:27.498Z: Bot script finished loading
2024-07-30T09:47:27: 
2024-07-30T09:47:27: (node:305607) [DEP0040] DeprecationWarning: The `punycode` module is deprecated. Please use a userland alternative instead.
2024-07-30T09:47:27: (Use `node --trace-deprecation ...` to show where the warning was created)
2024-07-30T09:47:27: 2024-07-30T09:47:27.900Z: Bot script started
2024-07-30T09:47:27: 
2024-07-30T09:47:27: 2024-07-30T09:47:27.901Z: TELEGRAM_BOT_TOKEN is set
2024-07-30T09:47:27: 
2024-07-30T09:47:27: 2024-07-30T09:47:27.902Z: Initializing bot...
2024-07-30T09:47:27: 
2024-07-30T09:47:27: 2024-07-30T09:47:27.908Z: Bot initialized and started polling
2024-07-30T09:47:27: 
2024-07-30T09:47:27: 2024-07-30T09:47:27.908Z: Bot script finished loading
2024-07-30T09:47:27: 
2024-07-30T09:47:27: (node:305619) [DEP0040] DeprecationWarning: The `punycode` module is deprecated. Please use a userland alternative instead.
2024-07-30T09:47:27: (Use `node --trace-deprecation ...` to show where the warning was created)
2024-07-30T09:47:28: 2024-07-30T09:47:28.339Z: Bot script started
2024-07-30T09:47:28: 
2024-07-30T09:47:28: 2024-07-30T09:47:28.341Z: TELEGRAM_BOT_TOKEN is set
2024-07-30T09:47:28: 
2024-07-30T09:47:28: 2024-07-30T09:47:28.341Z: Initializing bot...
2024-07-30T09:47:28: 
2024-07-30T09:47:28: 2024-07-30T09:47:28.347Z: Bot initialized and started polling
2024-07-30T09:47:28: 
2024-07-30T09:47:28: 2024-07-30T09:47:28.347Z: Bot script finished loading
2024-07-30T09:47:28: 
2024-07-30T09:47:28: (node:305631) [DEP0040] DeprecationWarning: The `punycode` module is deprecated. Please use a userland alternative instead.
2024-07-30T09:47:28: (Use `node --trace-deprecation ...` to show where the warning was created)
2024-07-30T09:47:28: 2024-07-30T09:47:28.747Z: Bot script started
2024-07-30T09:47:28: 
2024-07-30T09:47:28: 2024-07-30T09:47:28.749Z: TELEGRAM_BOT_TOKEN is set
2024-07-30T09:47:28: 
2024-07-30T09:47:28: 2024-07-30T09:47:28.749Z: Initializing bot...
2024-07-30T09:47:28: 
2024-07-30T09:47:28: 2024-07-30T09:47:28.755Z: Bot initialized and started polling
2024-07-30T09:47:28: 
2024-07-30T09:47:28: 2024-07-30T09:47:28.755Z: Bot script finished loading
2024-07-30T09:47:28: 
2024-07-30T09:47:28: (node:305643) [DEP0040] DeprecationWarning: The `punycode` module is deprecated. Please use a userland alternative instead.
2024-07-30T09:47:28: (Use `node --trace-deprecation ...` to show where the warning was created)
2024-07-30T09:47:29: 2024-07-30T09:47:29.161Z: Bot script started
2024-07-30T09:47:29: 
2024-07-30T09:47:29: 2024-07-30T09:47:29.163Z: TELEGRAM_BOT_TOKEN is set
2024-07-30T09:47:29: 
2024-07-30T09:47:29: 2024-07-30T09:47:29.163Z: Initializing bot...
2024-07-30T09:47:29: 
2024-07-30T09:47:29: 2024-07-30T09:47:29.169Z: Bot initialized and started polling
2024-07-30T09:47:29: 
2024-07-30T09:47:29: 2024-07-30T09:47:29.169Z: Bot script finished loading
2024-07-30T09:47:29: 
2024-07-30T09:47:29: (node:305656) [DEP0040] DeprecationWarning: The `punycode` module is deprecated. Please use a userland alternative instead.
2024-07-30T09:47:29: (Use `node --trace-deprecation ...` to show where the warning was created)
2024-07-30T09:47:29: 2024-07-30T09:47:29.579Z: Bot script started
2024-07-30T09:47:29: 
2024-07-30T09:47:29: 2024-07-30T09:47:29.581Z: TELEGRAM_BOT_TOKEN is set
2024-07-30T09:47:29: 
2024-07-30T09:47:29: 2024-07-30T09:47:29.581Z: Initializing bot...
2024-07-30T09:47:29: 
2024-07-30T09:47:29: 2024-07-30T09:47:29.588Z: Bot initialized and started polling
2024-07-30T09:47:29: 
2024-07-30T09:47:29: 2024-07-30T09:47:29.588Z: Bot script finished loading
2024-07-30T09:47:29: 
2024-07-30T09:47:29: (node:305668) [DEP0040] DeprecationWarning: The `punycode` module is deprecated. Please use a userland alternative instead.
2024-07-30T09:47:29: (Use `node --trace-deprecation ...` to show where the warning was created)
2024-07-30T09:47:29: 2024-07-30T09:47:29.985Z: Bot script started
2024-07-30T09:47:29: 
2024-07-30T09:47:29: 2024-07-30T09:47:29.989Z: TELEGRAM_BOT_TOKEN is set
2024-07-30T09:47:29: 
2024-07-30T09:47:29: 2024-07-30T09:47:29.989Z: Initializing bot...
2024-07-30T09:47:29: 
2024-07-30T09:49:01: 2024-07-30T09:49:01.061Z: Bot script started
2024-07-30T09:49:01: 
2024-07-30T09:49:01: 2024-07-30T09:49:01.063Z: TELEGRAM_BOT_TOKEN is set
2024-07-30T09:49:01: 
2024-07-30T09:49:01: 2024-07-30T09:49:01.063Z: Initializing bot...
2024-07-30T09:49:01: 
2024-07-30T09:49:01: 2024-07-30T09:49:01.068Z: Bot initialized and started polling
2024-07-30T09:49:01: 
2024-07-30T09:49:01: 2024-07-30T09:49:01.069Z: Bot script finished loading
2024-07-30T09:49:01: 
2024-07-30T09:49:01: (node:305839) [DEP0040] DeprecationWarning: The `punycode` module is deprecated. Please use a userland alternative instead.
2024-07-30T09:49:01: (Use `node --trace-deprecation ...` to show where the warning was created)
2024-07-30T09:49:07: 2024-07-30T09:49:07.640Z: Bot polling error: ETELEGRAM: 409 Conflict: terminated by other getUpdates request; make sure that only one bot instance is running
2024-07-30T09:49:07: 
2024-07-30T09:49:14: 2024-07-30T09:49:14.357Z: Bot polling error: ETELEGRAM: 409 Conflict: terminated by other getUpdates request; make sure that only one bot instance is running
2024-07-30T09:49:14: 
2024-07-30T09:49:21: 2024-07-30T09:49:21.074Z: Bot polling error: ETELEGRAM: 409 Conflict: terminated by other getUpdates request; make sure that only one bot instance is running
2024-07-30T09:49:21: 
2024-07-30T09:49:27: 2024-07-30T09:49:27.794Z: Bot polling error: ETELEGRAM: 409 Conflict: terminated by other getUpdates request; make sure that only one bot instance is running
2024-07-30T09:49:27: 
2024-07-30T09:49:34: 2024-07-30T09:49:34.509Z: Bot polling error: ETELEGRAM: 409 Conflict: terminated by other getUpdates request; make sure that only one bot instance is running
2024-07-30T09:49:34: 
2024-07-30T09:49:41: 2024-07-30T09:49:41.225Z: Bot polling error: ETELEGRAM: 409 Conflict: terminated by other getUpdates request; make sure that only one bot instance is running
2024-07-30T09:49:41: 
